<?xml version="1.0" encoding="UTF-8"?>
<testsuite xmlns:xsi="http://www.w3.org/2001/XMLSchema-instance" xsi:noNamespaceSchemaLocation="https://maven.apache.org/surefire/maven-surefire-plugin/xsd/surefire-test-report-3.0.xsd" version="3.0" name="org.example.intento3.Intento3ApplicationTests" time="36.697" tests="1" errors="0" skipped="0" failures="0">
  <properties>
[...]
</properties>
  <testcase name="contextLoads" classname="org.example.intento3.Intento3ApplicationTests" time="1.439">
    <system-out><![CDATA[04:19:01.093 [main] INFO org.springframework.test.context.support.AnnotationConfigContextLoaderUtils -- Could not detect default configuration classes for test class [org.example.intento3.Intento3ApplicationTests]: Intento3ApplicationTests does not declare any static, non-private, non-final, nested classes annotated with @Configuration.
04:19:01.390 [main] INFO org.springframework.boot.test.context.SpringBootTestContextBootstrapper -- Found @SpringBootConfiguration org.example.intento3.Intento3Application for test class org.example.intento3.Intento3ApplicationTests

  .   ____          _            __ _ _
 /\\ / ___'_ __ _ _(_)_ __  __ _ \ \ \ \
( ( )\___ | '_ | '_| | '_ \/ _` | \ \ \ \
 \\/  ___)| |_)| | | | | || (_| |  ) ) ) )
  '  |____| .__|_| |_|_| |_\__, | / / / /
 =========|_|==============|___/=/_/_/_/

 :: Spring Boot ::                (v3.3.5)

2024-11-17T04:19:02.553-05:00  INFO 19616 --- [Intento3] [           main] o.e.intento3.Intento3ApplicationTests    : Starting Intento3ApplicationTests using Java 21.0.5 with PID 19616 (started by alyne in D:\2024 2\iot\repositorio\Backend)
2024-11-17T04:19:02.557-05:00  INFO 19616 --- [Intento3] [           main] o.e.intento3.Intento3ApplicationTests    : No active profile set, falling back to 1 default profile: "default"
2024-11-17T04:19:05.951-05:00  INFO 19616 --- [Intento3] [           main] .s.d.r.c.RepositoryConfigurationDelegate : Bootstrapping Spring Data JPA repositories in DEFAULT mode.
2024-11-17T04:19:06.374-05:00  INFO 19616 --- [Intento3] [           main] .s.d.r.c.RepositoryConfigurationDelegate : Finished Spring Data repository scanning in 407 ms. Found 4 JPA repository interfaces.
2024-11-17T04:19:06.537-05:00 DEBUG 19616 --- [Intento3] [           main] faultConfiguringBeanFactoryPostProcessor : SpEL function '#xpath' isn't registered: there is no spring-integration-xml.jar on the classpath.
2024-11-17T04:19:06.546-05:00  INFO 19616 --- [Intento3] [           main] faultConfiguringBeanFactoryPostProcessor : No bean named 'errorChannel' has been explicitly defined. Therefore, a default PublishSubscribeChannel will be created.
2024-11-17T04:19:06.573-05:00  INFO 19616 --- [Intento3] [           main] faultConfiguringBeanFactoryPostProcessor : No bean named 'integrationHeaderChannelRegistry' has been explicitly defined. Therefore, a default DefaultHeaderChannelRegistry will be created.
2024-11-17T04:19:08.721-05:00  INFO 19616 --- [Intento3] [           main] o.hibernate.jpa.internal.util.LogHelper  : HHH000204: Processing PersistenceUnitInfo [name: default]
2024-11-17T04:19:08.981-05:00  INFO 19616 --- [Intento3] [           main] org.hibernate.Version                    : HHH000412: Hibernate ORM core version 6.5.3.Final
2024-11-17T04:19:09.103-05:00  INFO 19616 --- [Intento3] [           main] o.h.c.internal.RegionFactoryInitiator    : HHH000026: Second-level cache disabled
2024-11-17T04:19:10.116-05:00  INFO 19616 --- [Intento3] [           main] o.s.o.j.p.SpringPersistenceUnitInfo      : No LoadTimeWeaver setup: ignoring JPA class transformer
2024-11-17T04:19:10.177-05:00  INFO 19616 --- [Intento3] [           main] com.zaxxer.hikari.HikariDataSource       : HikariPool-1 - Starting...
2024-11-17T04:19:12.545-05:00  INFO 19616 --- [Intento3] [           main] com.zaxxer.hikari.pool.HikariPool        : HikariPool-1 - Added connection org.postgresql.jdbc.PgConnection@33ccead
2024-11-17T04:19:12.548-05:00  INFO 19616 --- [Intento3] [           main] com.zaxxer.hikari.HikariDataSource       : HikariPool-1 - Start completed.
2024-11-17T04:19:12.794-05:00  WARN 19616 --- [Intento3] [           main] org.hibernate.orm.deprecation            : HHH90000025: PostgreSQLDialect does not need to be specified explicitly using 'hibernate.dialect' (remove the property setting and it will be selected by default)
2024-11-17T04:19:15.508-05:00  INFO 19616 --- [Intento3] [           main] o.h.e.t.j.p.i.JtaPlatformInitiator       : HHH000489: No JTA platform available (set 'hibernate.transaction.jta.platform' to enable JTA platform integration)
2024-11-17T04:19:18.791-05:00  INFO 19616 --- [Intento3] [           main] j.LocalContainerEntityManagerFactoryBean : Initialized JPA EntityManagerFactory for persistence unit 'default'
Conectando al broker MQTT: tcp://broker.hivemq.com:1883
2024-11-17T04:19:24.306-05:00  WARN 19616 --- [Intento3] [           main] JpaBaseConfiguration$JpaWebConfiguration : spring.jpa.open-in-view is enabled by default. Therefore, database queries may be performed during view rendering. Explicitly configure spring.jpa.open-in-view to disable this warning
2024-11-17T04:19:29.685-05:00  INFO 19616 --- [Intento3] [           main] o.s.b.a.e.web.EndpointLinksResolver      : Exposing 1 endpoint beneath base path '/actuator'
2024-11-17T04:19:30.310-05:00 DEBUG 19616 --- [Intento3] [           main] .s.i.c.GlobalChannelInterceptorProcessor : No global channel interceptors.
2024-11-17T04:19:30.324-05:00  INFO 19616 --- [Intento3] [           main] o.s.i.endpoint.EventDrivenConsumer       : Adding {logging-channel-adapter:_org.springframework.integration.errorLogger} as a subscriber to the 'errorChannel' channel
2024-11-17T04:19:30.326-05:00  INFO 19616 --- [Intento3] [           main] o.s.i.channel.PublishSubscribeChannel    : Channel 'Intento3.errorChannel' has 1 subscriber(s).
2024-11-17T04:19:30.328-05:00  INFO 19616 --- [Intento3] [           main] o.s.i.endpoint.EventDrivenConsumer       : started bean '_org.springframework.integration.errorLogger'
2024-11-17T04:19:30.330-05:00  INFO 19616 --- [Intento3] [           main] o.s.i.endpoint.EventDrivenConsumer       : Adding {message-handler:handler.serviceActivator} as a subscriber to the 'mqttInputChannel' channel
2024-11-17T04:19:30.330-05:00  INFO 19616 --- [Intento3] [           main] o.s.integration.channel.DirectChannel    : Channel 'Intento3.mqttInputChannel' has 1 subscriber(s).
2024-11-17T04:19:30.331-05:00  INFO 19616 --- [Intento3] [           main] o.s.i.endpoint.EventDrivenConsumer       : started bean 'handler.serviceActivator'
2024-11-17T04:19:30.331-05:00  INFO 19616 --- [Intento3] [           main] o.s.i.endpoint.EventDrivenConsumer       : Adding {message-handler:mqttOutbound.serviceActivator} as a subscriber to the 'mqttOutputChannel' channel
2024-11-17T04:19:30.332-05:00  INFO 19616 --- [Intento3] [           main] o.s.integration.channel.DirectChannel    : Channel 'Intento3.mqttOutputChannel' has 1 subscriber(s).
2024-11-17T04:19:30.332-05:00  INFO 19616 --- [Intento3] [           main] o.s.i.endpoint.EventDrivenConsumer       : started bean 'mqttOutbound.serviceActivator'
2024-11-17T04:19:30.354-05:00 DEBUG 19616 --- [Intento3] [           main] o.e.paho.client.mqttv3.MqttAsyncClient   : intento3-client-9bb0adde-9987-4d6a-953c-28dddd506aad_inbound: <init> ClientID=intento3-client-9bb0adde-9987-4d6a-953c-28dddd506aad_inbound ServerURI=tcp://NO_URL_PROVIDED PersistenceType=null
2024-11-17T04:19:30.367-05:00 DEBUG 19616 --- [Intento3] [           main] o.e.p.c.mqttv3.internal.CommsTokenStore  : intento3-client-9bb0adde-9987-4d6a-953c-28dddd506aad_inbound: <>
2024-11-17T04:19:30.396-05:00 DEBUG 19616 --- [Intento3] [           main] o.e.p.c.mqttv3.internal.ClientState      : intento3-client-9bb0adde-9987-4d6a-953c-28dddd506aad_inbound: >
2024-11-17T04:19:30.399-05:00 DEBUG 19616 --- [Intento3] [           main] o.e.paho.client.mqttv3.MqttAsyncClient   : intento3-client-9bb0adde-9987-4d6a-953c-28dddd506aad_inbound: cleanSession=true connectionTimeout=30 TimekeepAlive=60 userName=null password=[null] will=[null] userContext=null callback=null
2024-11-17T04:19:30.400-05:00 DEBUG 19616 --- [Intento3] [           main] o.e.paho.client.mqttv3.MqttAsyncClient   : intento3-client-9bb0adde-9987-4d6a-953c-28dddd506aad_inbound: URI=tcp://NO_URL_PROVIDED
2024-11-17T04:19:30.400-05:00 DEBUG 19616 --- [Intento3] [           main] o.e.paho.client.mqttv3.MqttAsyncClient   : intento3-client-9bb0adde-9987-4d6a-953c-28dddd506aad_inbound: URI=tcp://broker.hivemq.com:1883
2024-11-17T04:19:30.402-05:00 DEBUG 19616 --- [Intento3] [           main] o.e.paho.client.mqttv3.MqttAsyncClient   : intento3-client-9bb0adde-9987-4d6a-953c-28dddd506aad_inbound: <
2024-11-17T04:19:30.408-05:00 DEBUG 19616 --- [Intento3] [           main] o.e.p.c.mqttv3.internal.ClientComms      : intento3-client-9bb0adde-9987-4d6a-953c-28dddd506aad_inbound: state=CONNECTING
2024-11-17T04:19:30.409-05:00 DEBUG 19616 --- [Intento3] [           main] o.e.p.c.mqttv3.internal.CommsTokenStore  : intento3-client-9bb0adde-9987-4d6a-953c-28dddd506aad_inbound: >
2024-11-17T04:19:30.413-05:00 DEBUG 19616 --- [Intento3] [           main] o.e.paho.client.mqttv3.internal.Token    : intento3-client-9bb0adde-9987-4d6a-953c-28dddd506aad_inbound: key=null wait max=5,000 token=key=null ,topics= ,usercontext=org.eclipse.paho.client.mqttv3.MqttAsyncClient@568945a9 ,isComplete=false ,isNotified=false ,exception=null ,actioncallback=org.eclipse.paho.client.mqttv3.internal.ConnectActionListener@4127dcdb
2024-11-17T04:19:30.414-05:00 DEBUG 19616 --- [Intento3] [           main] o.e.paho.client.mqttv3.internal.Token    : intento3-client-9bb0adde-9987-4d6a-953c-28dddd506aad_inbound: >key=null timeout=5,000 sent=false completed=false hasException=false response=null token=key=null ,topics= ,usercontext=org.eclipse.paho.client.mqttv3.MqttAsyncClient@568945a9 ,isComplete=false ,isNotified=false ,exception=null ,actioncallback=org.eclipse.paho.client.mqttv3.internal.ConnectActionListener@4127dcdb
2024-11-17T04:19:30.415-05:00 DEBUG 19616 --- [Intento3] [           main] o.e.paho.client.mqttv3.internal.Token    : intento3-client-9bb0adde-9987-4d6a-953c-28dddd506aad_inbound: key=null wait max=5,000
2024-11-17T04:19:30.415-05:00 DEBUG 19616 --- [Intento3] [d506aad_inbound] o.e.p.c.mqttv3.internal.ClientComms      : intento3-client-9bb0adde-9987-4d6a-953c-28dddd506aad_inbound: >
2024-11-17T04:19:30.416-05:00 DEBUG 19616 --- [Intento3] [d506aad_inbound] o.e.p.c.mqttv3.internal.CommsTokenStore  : intento3-client-9bb0adde-9987-4d6a-953c-28dddd506aad_inbound: >
2024-11-17T04:19:30.417-05:00 DEBUG 19616 --- [Intento3] [d506aad_inbound] o.e.p.c.mqttv3.internal.CommsTokenStore  : intento3-client-9bb0adde-9987-4d6a-953c-28dddd506aad_inbound: key=Con message=CONNECT clientId intento3-client-9bb0adde-9987-4d6a-953c-28dddd506aad_inbound keepAliveInterval 60
2024-11-17T04:19:30.418-05:00 DEBUG 19616 --- [Intento3] [d506aad_inbound] o.e.p.c.mqttv3.internal.CommsTokenStore  : intento3-client-9bb0adde-9987-4d6a-953c-28dddd506aad_inbound: key=Con token=org.eclipse.paho.client.mqttv3.MqttToken@22467201
2024-11-17T04:19:30.419-05:00 DEBUG 19616 --- [Intento3] [d506aad_inbound] o.e.p.c.m.internal.TCPNetworkModule      : intento3-client-9bb0adde-9987-4d6a-953c-28dddd506aad_inbound: connect to host broker.hivemq.com port 1,883 timeout 30,000
2024-11-17T04:19:30.666-05:00 DEBUG 19616 --- [Intento3] [d506aad_inbound] o.e.p.c.mqttv3.internal.CommsReceiver    : intento3-client-9bb0adde-9987-4d6a-953c-28dddd506aad_inbound: starting
2024-11-17T04:19:30.668-05:00 DEBUG 19616 --- [Intento3] [d506aad_inbound] o.e.p.c.mqttv3.internal.CommsReceiver    : intento3-client-9bb0adde-9987-4d6a-953c-28dddd506aad_inbound: network read message
2024-11-17T04:19:30.781-05:00 DEBUG 19616 --- [Intento3] [d506aad_inbound] o.e.p.c.mqttv3.internal.ClientState      : intento3-client-9bb0adde-9987-4d6a-953c-28dddd506aad_inbound: wait for new work or for space in the inflight window
2024-11-17T04:19:30.885-05:00 DEBUG 19616 --- [Intento3] [d506aad_inbound] o.e.p.c.mqttv3.internal.CommsCallback    : intento3-client-9bb0adde-9987-4d6a-953c-28dddd506aad_inbound: wait for workAvailable
2024-11-17T04:19:30.992-05:00 DEBUG 19616 --- [Intento3] [d506aad_inbound] o.e.p.c.mqttv3.internal.ClientComms      : intento3-client-9bb0adde-9987-4d6a-953c-28dddd506aad_inbound: 200
2024-11-17T04:19:30.993-05:00 DEBUG 19616 --- [Intento3] [d506aad_inbound] o.e.p.c.mqttv3.internal.ClientState      : intento3-client-9bb0adde-9987-4d6a-953c-28dddd506aad_inbound: pending send key=0 message CONNECT clientId intento3-client-9bb0adde-9987-4d6a-953c-28dddd506aad_inbound keepAliveInterval 60
2024-11-17T04:19:30.993-05:00 DEBUG 19616 --- [Intento3] [d506aad_inbound] o.e.p.c.mqttv3.internal.CommsTokenStore  : intento3-client-9bb0adde-9987-4d6a-953c-28dddd506aad_inbound: key=Con message=CONNECT clientId intento3-client-9bb0adde-9987-4d6a-953c-28dddd506aad_inbound keepAliveInterval 60
2024-11-17T04:19:30.994-05:00 DEBUG 19616 --- [Intento3] [d506aad_inbound] o.e.p.c.mqttv3.internal.CommsTokenStore  : intento3-client-9bb0adde-9987-4d6a-953c-28dddd506aad_inbound: key=Con token=org.eclipse.paho.client.mqttv3.MqttToken@22467201
2024-11-17T04:19:30.994-05:00 DEBUG 19616 --- [Intento3] [d506aad_inbound] o.e.p.c.mqttv3.internal.ClientState      : intento3-client-9bb0adde-9987-4d6a-953c-28dddd506aad_inbound: new work or ping arrived 
2024-11-17T04:19:30.994-05:00 DEBUG 19616 --- [Intento3] [d506aad_inbound] o.e.p.c.mqttv3.internal.CommsSender      : intento3-client-9bb0adde-9987-4d6a-953c-28dddd506aad_inbound: network send key=Con msg=CONNECT clientId intento3-client-9bb0adde-9987-4d6a-953c-28dddd506aad_inbound keepAliveInterval 60
2024-11-17T04:19:30.995-05:00 DEBUG 19616 --- [Intento3] [d506aad_inbound] o.e.p.c.mqttv3.internal.ClientState      : intento3-client-9bb0adde-9987-4d6a-953c-28dddd506aad_inbound: sent bytes count=12
2024-11-17T04:19:30.996-05:00 DEBUG 19616 --- [Intento3] [d506aad_inbound] o.e.p.c.mqttv3.internal.ClientState      : intento3-client-9bb0adde-9987-4d6a-953c-28dddd506aad_inbound: sent bytes count=62
2024-11-17T04:19:30.997-05:00 DEBUG 19616 --- [Intento3] [d506aad_inbound] o.e.p.c.m.i.wire.MqttOutputStream        : null: Sent CONNECT clientId intento3-client-9bb0adde-9987-4d6a-953c-28dddd506aad_inbound keepAliveInterval 60
2024-11-17T04:19:30.997-05:00 DEBUG 19616 --- [Intento3] [d506aad_inbound] o.e.p.c.mqttv3.internal.ClientState      : intento3-client-9bb0adde-9987-4d6a-953c-28dddd506aad_inbound: key=Con
2024-11-17T04:19:30.998-05:00 DEBUG 19616 --- [Intento3] [d506aad_inbound] o.e.paho.client.mqttv3.internal.Token    : intento3-client-9bb0adde-9987-4d6a-953c-28dddd506aad_inbound: > key=Con
2024-11-17T04:19:30.998-05:00 DEBUG 19616 --- [Intento3] [d506aad_inbound] o.e.p.c.mqttv3.internal.ClientState      : intento3-client-9bb0adde-9987-4d6a-953c-28dddd506aad_inbound: wait for new work or for space in the inflight window
2024-11-17T04:19:31.671-05:00 DEBUG 19616 --- [Intento3] [d506aad_inbound] o.e.p.c.mqttv3.internal.CommsReceiver    : intento3-client-9bb0adde-9987-4d6a-953c-28dddd506aad_inbound: network read message
2024-11-17T04:19:32.684-05:00 DEBUG 19616 --- [Intento3] [d506aad_inbound] o.e.p.c.mqttv3.internal.CommsReceiver    : intento3-client-9bb0adde-9987-4d6a-953c-28dddd506aad_inbound: network read message
2024-11-17T04:19:33.690-05:00 DEBUG 19616 --- [Intento3] [d506aad_inbound] o.e.p.c.mqttv3.internal.CommsReceiver    : intento3-client-9bb0adde-9987-4d6a-953c-28dddd506aad_inbound: network read message
2024-11-17T04:19:34.699-05:00 DEBUG 19616 --- [Intento3] [d506aad_inbound] o.e.p.c.mqttv3.internal.CommsReceiver    : intento3-client-9bb0adde-9987-4d6a-953c-28dddd506aad_inbound: network read message
2024-11-17T04:19:35.432-05:00 DEBUG 19616 --- [Intento3] [           main] o.e.paho.client.mqttv3.internal.Token    : intento3-client-9bb0adde-9987-4d6a-953c-28dddd506aad_inbound: key=null response=null
2024-11-17T04:19:35.433-05:00 DEBUG 19616 --- [Intento3] [           main] o.e.paho.client.mqttv3.internal.Token    : intento3-client-9bb0adde-9987-4d6a-953c-28dddd506aad_inbound: key=null timed out token=key=null ,topics= ,usercontext=org.eclipse.paho.client.mqttv3.MqttAsyncClient@568945a9 ,isComplete=false ,isNotified=false ,exception=null ,actioncallback=org.eclipse.paho.client.mqttv3.internal.ConnectActionListener@4127dcdb
2024-11-17T04:19:35.434-05:00 ERROR 19616 --- [Intento3] [           main] .m.i.MqttPahoMessageDrivenChannelAdapter : Exception while connecting

org.eclipse.paho.client.mqttv3.MqttException: Tiempo de espera excedido al esperar una respuesta del servidor
	at org.eclipse.paho.client.mqttv3.internal.Token.waitForCompletion(Token.java:112) ~[org.eclipse.paho.client.mqttv3-1.2.5.jar:na]
	at org.eclipse.paho.client.mqttv3.MqttToken.waitForCompletion(MqttToken.java:67) ~[org.eclipse.paho.client.mqttv3-1.2.5.jar:na]
	at org.springframework.integration.mqtt.inbound.MqttPahoMessageDrivenChannelAdapter.connect(MqttPahoMessageDrivenChannelAdapter.java:196) ~[spring-integration-mqtt-6.3.5.jar:6.3.5]
	at org.springframework.integration.mqtt.inbound.MqttPahoMessageDrivenChannelAdapter.doStart(MqttPahoMessageDrivenChannelAdapter.java:161) ~[spring-integration-mqtt-6.3.5.jar:6.3.5]
	at org.springframework.integration.endpoint.AbstractEndpoint.start(AbstractEndpoint.java:155) ~[spring-integration-core-6.3.5.jar:6.3.5]
	at org.springframework.context.support.DefaultLifecycleProcessor.doStart(DefaultLifecycleProcessor.java:285) ~[spring-context-6.1.14.jar:6.1.14]
	at org.springframework.context.support.DefaultLifecycleProcessor$LifecycleGroup.start(DefaultLifecycleProcessor.java:472) ~[spring-context-6.1.14.jar:6.1.14]
	at java.base/java.lang.Iterable.forEach(Iterable.java:75) ~[na:na]
	at org.springframework.context.support.DefaultLifecycleProcessor.startBeans(DefaultLifecycleProcessor.java:257) ~[spring-context-6.1.14.jar:6.1.14]
	at org.springframework.context.support.DefaultLifecycleProcessor.onRefresh(DefaultLifecycleProcessor.java:202) ~[spring-context-6.1.14.jar:6.1.14]
	at org.springframework.context.support.AbstractApplicationContext.finishRefresh(AbstractApplicationContext.java:990) ~[spring-context-6.1.14.jar:6.1.14]
	at org.springframework.context.support.AbstractApplicationContext.refresh(AbstractApplicationContext.java:628) ~[spring-context-6.1.14.jar:6.1.14]
	at org.springframework.boot.SpringApplication.refresh(SpringApplication.java:754) ~[spring-boot-3.3.5.jar:3.3.5]
	at org.springframework.boot.SpringApplication.refreshContext(SpringApplication.java:456) ~[spring-boot-3.3.5.jar:3.3.5]
	at org.springframework.boot.SpringApplication.run(SpringApplication.java:335) ~[spring-boot-3.3.5.jar:3.3.5]
	at org.springframework.boot.test.context.SpringBootContextLoader.lambda$loadContext$3(SpringBootContextLoader.java:137) ~[spring-boot-test-3.3.5.jar:3.3.5]
	at org.springframework.util.function.ThrowingSupplier.get(ThrowingSupplier.java:58) ~[spring-core-6.1.14.jar:6.1.14]
	at org.springframework.util.function.ThrowingSupplier.get(ThrowingSupplier.java:46) ~[spring-core-6.1.14.jar:6.1.14]
	at org.springframework.boot.SpringApplication.withHook(SpringApplication.java:1463) ~[spring-boot-3.3.5.jar:3.3.5]
	at org.springframework.boot.test.context.SpringBootContextLoader$ContextLoaderHook.run(SpringBootContextLoader.java:553) ~[spring-boot-test-3.3.5.jar:3.3.5]
	at org.springframework.boot.test.context.SpringBootContextLoader.loadContext(SpringBootContextLoader.java:137) ~[spring-boot-test-3.3.5.jar:3.3.5]
	at org.springframework.boot.test.context.SpringBootContextLoader.loadContext(SpringBootContextLoader.java:108) ~[spring-boot-test-3.3.5.jar:3.3.5]
	at org.springframework.test.context.cache.DefaultCacheAwareContextLoaderDelegate.loadContextInternal(DefaultCacheAwareContextLoaderDelegate.java:225) ~[spring-test-6.1.14.jar:6.1.14]
	at org.springframework.test.context.cache.DefaultCacheAwareContextLoaderDelegate.loadContext(DefaultCacheAwareContextLoaderDelegate.java:152) ~[spring-test-6.1.14.jar:6.1.14]
	at org.springframework.test.context.support.DefaultTestContext.getApplicationContext(DefaultTestContext.java:130) ~[spring-test-6.1.14.jar:6.1.14]
	at org.springframework.test.context.web.ServletTestExecutionListener.setUpRequestContextIfNecessary(ServletTestExecutionListener.java:191) ~[spring-test-6.1.14.jar:6.1.14]
	at org.springframework.test.context.web.ServletTestExecutionListener.prepareTestInstance(ServletTestExecutionListener.java:130) ~[spring-test-6.1.14.jar:6.1.14]
	at org.springframework.test.context.TestContextManager.prepareTestInstance(TestContextManager.java:260) ~[spring-test-6.1.14.jar:6.1.14]
	at org.springframework.test.context.junit.jupiter.SpringExtension.postProcessTestInstance(SpringExtension.java:163) ~[spring-test-6.1.14.jar:6.1.14]
	at org.junit.jupiter.engine.descriptor.ClassBasedTestDescriptor.lambda$invokeTestInstancePostProcessors$10(ClassBasedTestDescriptor.java:378) ~[junit-jupiter-engine-5.10.5.jar:5.10.5]
	at org.junit.jupiter.engine.descriptor.ClassBasedTestDescriptor.executeAndMaskThrowable(ClassBasedTestDescriptor.java:383) ~[junit-jupiter-engine-5.10.5.jar:5.10.5]
	at org.junit.jupiter.engine.descriptor.ClassBasedTestDescriptor.lambda$invokeTestInstancePostProcessors$11(ClassBasedTestDescriptor.java:378) ~[junit-jupiter-engine-5.10.5.jar:5.10.5]
	at java.base/java.util.stream.ReferencePipeline$3$1.accept(ReferencePipeline.java:197) ~[na:na]
	at java.base/java.util.stream.ReferencePipeline$2$1.accept(ReferencePipeline.java:179) ~[na:na]
	at java.base/java.util.ArrayList$ArrayListSpliterator.forEachRemaining(ArrayList.java:1708) ~[na:na]
	at java.base/java.util.stream.AbstractPipeline.copyInto(AbstractPipeline.java:509) ~[na:na]
	at java.base/java.util.stream.AbstractPipeline.wrapAndCopyInto(AbstractPipeline.java:499) ~[na:na]
	at java.base/java.util.stream.StreamSpliterators$WrappingSpliterator.forEachRemaining(StreamSpliterators.java:310) ~[na:na]
	at java.base/java.util.stream.Streams$ConcatSpliterator.forEachRemaining(Streams.java:735) ~[na:na]
	at java.base/java.util.stream.Streams$ConcatSpliterator.forEachRemaining(Streams.java:734) ~[na:na]
	at java.base/java.util.stream.ReferencePipeline$Head.forEach(ReferencePipeline.java:762) ~[na:na]
	at org.junit.jupiter.engine.descriptor.ClassBasedTestDescriptor.invokeTestInstancePostProcessors(ClassBasedTestDescriptor.java:377) ~[junit-jupiter-engine-5.10.5.jar:5.10.5]
	at org.junit.jupiter.engine.descriptor.ClassBasedTestDescriptor.lambda$instantiateAndPostProcessTestInstance$6(ClassBasedTestDescriptor.java:290) ~[junit-jupiter-engine-5.10.5.jar:5.10.5]
	at org.junit.platform.engine.support.hierarchical.ThrowableCollector.execute(ThrowableCollector.java:73) ~[junit-platform-engine-1.10.5.jar:1.10.5]
	at org.junit.jupiter.engine.descriptor.ClassBasedTestDescriptor.instantiateAndPostProcessTestInstance(ClassBasedTestDescriptor.java:289) ~[junit-jupiter-engine-5.10.5.jar:5.10.5]
	at org.junit.jupiter.engine.descriptor.ClassBasedTestDescriptor.lambda$testInstancesProvider$4(ClassBasedTestDescriptor.java:279) ~[junit-jupiter-engine-5.10.5.jar:5.10.5]
	at java.base/java.util.Optional.orElseGet(Optional.java:364) ~[na:na]
	at org.junit.jupiter.engine.descriptor.ClassBasedTestDescriptor.lambda$testInstancesProvider$5(ClassBasedTestDescriptor.java:278) ~[junit-jupiter-engine-5.10.5.jar:5.10.5]
	at org.junit.jupiter.engine.execution.TestInstancesProvider.getTestInstances(TestInstancesProvider.java:31) ~[junit-jupiter-engine-5.10.5.jar:5.10.5]
	at org.junit.jupiter.engine.descriptor.TestMethodTestDescriptor.lambda$prepare$0(TestMethodTestDescriptor.java:106) ~[junit-jupiter-engine-5.10.5.jar:5.10.5]
	at org.junit.platform.engine.support.hierarchical.ThrowableCollector.execute(ThrowableCollector.java:73) ~[junit-platform-engine-1.10.5.jar:1.10.5]
	at org.junit.jupiter.engine.descriptor.TestMethodTestDescriptor.prepare(TestMethodTestDescriptor.java:105) ~[junit-jupiter-engine-5.10.5.jar:5.10.5]
	at org.junit.jupiter.engine.descriptor.TestMethodTestDescriptor.prepare(TestMethodTestDescriptor.java:69) ~[junit-jupiter-engine-5.10.5.jar:5.10.5]
	at org.junit.platform.engine.support.hierarchical.NodeTestTask.lambda$prepare$2(NodeTestTask.java:128) ~[junit-platform-engine-1.10.5.jar:1.10.5]
	at org.junit.platform.engine.support.hierarchical.ThrowableCollector.execute(ThrowableCollector.java:73) ~[junit-platform-engine-1.10.5.jar:1.10.5]
	at org.junit.platform.engine.support.hierarchical.NodeTestTask.prepare(NodeTestTask.java:128) ~[junit-platform-engine-1.10.5.jar:1.10.5]
	at org.junit.platform.engine.support.hierarchical.NodeTestTask.execute(NodeTestTask.java:95) ~[junit-platform-engine-1.10.5.jar:1.10.5]
	at java.base/java.util.ArrayList.forEach(ArrayList.java:1596) ~[na:na]
	at org.junit.platform.engine.support.hierarchical.SameThreadHierarchicalTestExecutorService.invokeAll(SameThreadHierarchicalTestExecutorService.java:41) ~[junit-platform-engine-1.10.5.jar:1.10.5]
	at org.junit.platform.engine.support.hierarchical.NodeTestTask.lambda$executeRecursively$6(NodeTestTask.java:160) ~[junit-platform-engine-1.10.5.jar:1.10.5]
	at org.junit.platform.engine.support.hierarchical.ThrowableCollector.execute(ThrowableCollector.java:73) ~[junit-platform-engine-1.10.5.jar:1.10.5]
	at org.junit.platform.engine.support.hierarchical.NodeTestTask.lambda$executeRecursively$8(NodeTestTask.java:146) ~[junit-platform-engine-1.10.5.jar:1.10.5]
	at org.junit.platform.engine.support.hierarchical.Node.around(Node.java:137) ~[junit-platform-engine-1.10.5.jar:1.10.5]
	at org.junit.platform.engine.support.hierarchical.NodeTestTask.lambda$executeRecursively$9(NodeTestTask.java:144) ~[junit-platform-engine-1.10.5.jar:1.10.5]
	at org.junit.platform.engine.support.hierarchical.ThrowableCollector.execute(ThrowableCollector.java:73) ~[junit-platform-engine-1.10.5.jar:1.10.5]
	at org.junit.platform.engine.support.hierarchical.NodeTestTask.executeRecursively(NodeTestTask.java:143) ~[junit-platform-engine-1.10.5.jar:1.10.5]
	at org.junit.platform.engine.support.hierarchical.NodeTestTask.execute(NodeTestTask.java:100) ~[junit-platform-engine-1.10.5.jar:1.10.5]
	at java.base/java.util.ArrayList.forEach(ArrayList.java:1596) ~[na:na]
	at org.junit.platform.engine.support.hierarchical.SameThreadHierarchicalTestExecutorService.invokeAll(SameThreadHierarchicalTestExecutorService.java:41) ~[junit-platform-engine-1.10.5.jar:1.10.5]
	at org.junit.platform.engine.support.hierarchical.NodeTestTask.lambda$executeRecursively$6(NodeTestTask.java:160) ~[junit-platform-engine-1.10.5.jar:1.10.5]
	at org.junit.platform.engine.support.hierarchical.ThrowableCollector.execute(ThrowableCollector.java:73) ~[junit-platform-engine-1.10.5.jar:1.10.5]
	at org.junit.platform.engine.support.hierarchical.NodeTestTask.lambda$executeRecursively$8(NodeTestTask.java:146) ~[junit-platform-engine-1.10.5.jar:1.10.5]
	at org.junit.platform.engine.support.hierarchical.Node.around(Node.java:137) ~[junit-platform-engine-1.10.5.jar:1.10.5]
	at org.junit.platform.engine.support.hierarchical.NodeTestTask.lambda$executeRecursively$9(NodeTestTask.java:144) ~[junit-platform-engine-1.10.5.jar:1.10.5]
	at org.junit.platform.engine.support.hierarchical.ThrowableCollector.execute(ThrowableCollector.java:73) ~[junit-platform-engine-1.10.5.jar:1.10.5]
	at org.junit.platform.engine.support.hierarchical.NodeTestTask.executeRecursively(NodeTestTask.java:143) ~[junit-platform-engine-1.10.5.jar:1.10.5]
	at org.junit.platform.engine.support.hierarchical.NodeTestTask.execute(NodeTestTask.java:100) ~[junit-platform-engine-1.10.5.jar:1.10.5]
	at org.junit.platform.engine.support.hierarchical.SameThreadHierarchicalTestExecutorService.submit(SameThreadHierarchicalTestExecutorService.java:35) ~[junit-platform-engine-1.10.5.jar:1.10.5]
	at org.junit.platform.engine.support.hierarchical.HierarchicalTestExecutor.execute(HierarchicalTestExecutor.java:57) ~[junit-platform-engine-1.10.5.jar:1.10.5]
	at org.junit.platform.engine.support.hierarchical.HierarchicalTestEngine.execute(HierarchicalTestEngine.java:54) ~[junit-platform-engine-1.10.5.jar:1.10.5]
	at org.junit.platform.launcher.core.EngineExecutionOrchestrator.execute(EngineExecutionOrchestrator.java:198) ~[junit-platform-launcher-1.10.5.jar:1.10.5]
	at org.junit.platform.launcher.core.EngineExecutionOrchestrator.execute(EngineExecutionOrchestrator.java:169) ~[junit-platform-launcher-1.10.5.jar:1.10.5]
	at org.junit.platform.launcher.core.EngineExecutionOrchestrator.execute(EngineExecutionOrchestrator.java:93) ~[junit-platform-launcher-1.10.5.jar:1.10.5]
	at org.junit.platform.launcher.core.EngineExecutionOrchestrator.lambda$execute$0(EngineExecutionOrchestrator.java:58) ~[junit-platform-launcher-1.10.5.jar:1.10.5]
	at org.junit.platform.launcher.core.EngineExecutionOrchestrator.withInterceptedStreams(EngineExecutionOrchestrator.java:141) ~[junit-platform-launcher-1.10.5.jar:1.10.5]
	at org.junit.platform.launcher.core.EngineExecutionOrchestrator.execute(EngineExecutionOrchestrator.java:57) ~[junit-platform-launcher-1.10.5.jar:1.10.5]
	at org.junit.platform.launcher.core.DefaultLauncher.execute(DefaultLauncher.java:103) ~[junit-platform-launcher-1.10.5.jar:1.10.5]
	at org.junit.platform.launcher.core.DefaultLauncher.execute(DefaultLauncher.java:85) ~[junit-platform-launcher-1.10.5.jar:1.10.5]
	at org.junit.platform.launcher.core.DelegatingLauncher.execute(DelegatingLauncher.java:47) ~[junit-platform-launcher-1.10.5.jar:1.10.5]
	at org.apache.maven.surefire.junitplatform.LazyLauncher.execute(LazyLauncher.java:56) ~[surefire-junit-platform-3.2.5.jar:3.2.5]
	at org.apache.maven.surefire.junitplatform.JUnitPlatformProvider.execute(JUnitPlatformProvider.java:184) ~[surefire-junit-platform-3.2.5.jar:3.2.5]
	at org.apache.maven.surefire.junitplatform.JUnitPlatformProvider.invokeAllTests(JUnitPlatformProvider.java:148) ~[surefire-junit-platform-3.2.5.jar:3.2.5]
	at org.apache.maven.surefire.junitplatform.JUnitPlatformProvider.invoke(JUnitPlatformProvider.java:122) ~[surefire-junit-platform-3.2.5.jar:3.2.5]
	at org.apache.maven.surefire.booter.ForkedBooter.runSuitesInProcess(ForkedBooter.java:385) ~[surefire-booter-3.2.5.jar:3.2.5]
	at org.apache.maven.surefire.booter.ForkedBooter.execute(ForkedBooter.java:162) ~[surefire-booter-3.2.5.jar:3.2.5]
	at org.apache.maven.surefire.booter.ForkedBooter.run(ForkedBooter.java:507) ~[surefire-booter-3.2.5.jar:3.2.5]
	at org.apache.maven.surefire.booter.ForkedBooter.main(ForkedBooter.java:495) ~[surefire-booter-3.2.5.jar:3.2.5]

2024-11-17T04:19:35.466-05:00  INFO 19616 --- [Intento3] [           main] .m.i.MqttPahoMessageDrivenChannelAdapter : started bean 'inbound'; defined in: 'class path resource [org/example/intento3/config/MqttConfig.class]'; from source: 'org.example.intento3.config.MqttConfig.inbound(org.springframework.integration.mqtt.core.MqttPahoClientFactory,java.lang.String)'
2024-11-17T04:19:35.529-05:00 DEBUG 19616 --- [Intento3] [           main] o.s.i.c.IntegrationConfigurationReport   : 
Spring Integration global properties:

spring.integration.channels.autoCreate=true
spring.integration.channels.error.requireSubscribers=true
spring.integration.taskScheduler.poolSize=10
spring.integration.readOnly.headers=
spring.integration.channels.maxUnicastSubscribers=2147483647
spring.integration.endpoints.noAutoStartup=
spring.integration.channels.error.ignoreFailures=true
spring.integration.messagingTemplate.throwExceptionOnLateReply=false
spring.integration.channels.maxBroadcastSubscribers=2147483647
spring.integration.endpoints.defaultTimeout=30000

2024-11-17T04:19:35.530-05:00  INFO 19616 --- [Intento3] [           main] o.e.intento3.Intento3ApplicationTests    : Started Intento3ApplicationTests in 33.729 seconds (process running for 37.185)
2024-11-17T04:19:35.711-05:00 DEBUG 19616 --- [Intento3] [d506aad_inbound] o.e.p.c.mqttv3.internal.CommsReceiver    : intento3-client-9bb0adde-9987-4d6a-953c-28dddd506aad_inbound: network read message
2024-11-17T04:19:36.723-05:00 DEBUG 19616 --- [Intento3] [d506aad_inbound] o.e.p.c.mqttv3.internal.CommsReceiver    : intento3-client-9bb0adde-9987-4d6a-953c-28dddd506aad_inbound: network read message
]]></system-out>
    <system-err><![CDATA[WARNING: A Java agent has been loaded dynamically (C:\Users\alyne\.m2\repository\net\bytebuddy\byte-buddy-agent\1.14.19\byte-buddy-agent-1.14.19.jar)
WARNING: If a serviceability tool is in use, please run with -XX:+EnableDynamicAgentLoading to hide this warning
WARNING: If a serviceability tool is not in use, please run with -Djdk.instrument.traceUsage for more information
WARNING: Dynamic loading of agents will be disallowed by default in a future release
]]></system-err>
  </testcase>
</testsuite>