<?xml version="1.0" encoding="UTF-8"?>
<testsuite xmlns:xsi="http://www.w3.org/2001/XMLSchema-instance" xsi:noNamespaceSchemaLocation="https://maven.apache.org/surefire/maven-surefire-plugin/xsd/surefire-test-report-3.0.xsd" version="3.0" name="org.example.intento3.Intento3ApplicationTests" time="26.299" tests="1" errors="0" skipped="0" failures="0">
  <properties>
[...]
</properties>
  <testcase name="contextLoads" classname="org.example.intento3.Intento3ApplicationTests" time="1.042">
    <system-out><![CDATA[04:31:09.061 [main] INFO org.springframework.test.context.support.AnnotationConfigContextLoaderUtils -- Could not detect default configuration classes for test class [org.example.intento3.Intento3ApplicationTests]: Intento3ApplicationTests does not declare any static, non-private, non-final, nested classes annotated with @Configuration.
04:31:09.264 [main] INFO org.springframework.boot.test.context.SpringBootTestContextBootstrapper -- Found @SpringBootConfiguration org.example.intento3.Intento3Application for test class org.example.intento3.Intento3ApplicationTests

  .   ____          _            __ _ _
 /\\ / ___'_ __ _ _(_)_ __  __ _ \ \ \ \
( ( )\___ | '_ | '_| | '_ \/ _` | \ \ \ \
 \\/  ___)| |_)| | | | | || (_| |  ) ) ) )
  '  |____| .__|_| |_|_| |_\__, | / / / /
 =========|_|==============|___/=/_/_/_/

 :: Spring Boot ::                (v3.3.5)

2024-11-17T04:31:10.296-05:00  INFO 21868 --- [Intento3] [           main] o.e.intento3.Intento3ApplicationTests    : Starting Intento3ApplicationTests using Java 21.0.5 with PID 21868 (started by alyne in D:\2024 2\iot\repositorio\Backend)
2024-11-17T04:31:10.299-05:00  INFO 21868 --- [Intento3] [           main] o.e.intento3.Intento3ApplicationTests    : No active profile set, falling back to 1 default profile: "default"
2024-11-17T04:31:14.502-05:00  INFO 21868 --- [Intento3] [           main] .s.d.r.c.RepositoryConfigurationDelegate : Bootstrapping Spring Data JPA repositories in DEFAULT mode.
2024-11-17T04:31:14.770-05:00  INFO 21868 --- [Intento3] [           main] .s.d.r.c.RepositoryConfigurationDelegate : Finished Spring Data repository scanning in 255 ms. Found 4 JPA repository interfaces.
2024-11-17T04:31:14.895-05:00 DEBUG 21868 --- [Intento3] [           main] faultConfiguringBeanFactoryPostProcessor : SpEL function '#xpath' isn't registered: there is no spring-integration-xml.jar on the classpath.
2024-11-17T04:31:14.901-05:00  INFO 21868 --- [Intento3] [           main] faultConfiguringBeanFactoryPostProcessor : No bean named 'errorChannel' has been explicitly defined. Therefore, a default PublishSubscribeChannel will be created.
2024-11-17T04:31:14.921-05:00  INFO 21868 --- [Intento3] [           main] faultConfiguringBeanFactoryPostProcessor : No bean named 'integrationHeaderChannelRegistry' has been explicitly defined. Therefore, a default DefaultHeaderChannelRegistry will be created.
2024-11-17T04:31:16.234-05:00  INFO 21868 --- [Intento3] [           main] o.hibernate.jpa.internal.util.LogHelper  : HHH000204: Processing PersistenceUnitInfo [name: default]
2024-11-17T04:31:16.370-05:00  INFO 21868 --- [Intento3] [           main] org.hibernate.Version                    : HHH000412: Hibernate ORM core version 6.5.3.Final
2024-11-17T04:31:16.442-05:00  INFO 21868 --- [Intento3] [           main] o.h.c.internal.RegionFactoryInitiator    : HHH000026: Second-level cache disabled
2024-11-17T04:31:17.280-05:00  INFO 21868 --- [Intento3] [           main] o.s.o.j.p.SpringPersistenceUnitInfo      : No LoadTimeWeaver setup: ignoring JPA class transformer
2024-11-17T04:31:17.329-05:00  INFO 21868 --- [Intento3] [           main] com.zaxxer.hikari.HikariDataSource       : HikariPool-1 - Starting...
2024-11-17T04:31:19.283-05:00  INFO 21868 --- [Intento3] [           main] com.zaxxer.hikari.pool.HikariPool        : HikariPool-1 - Added connection org.postgresql.jdbc.PgConnection@5f911d24
2024-11-17T04:31:19.285-05:00  INFO 21868 --- [Intento3] [           main] com.zaxxer.hikari.HikariDataSource       : HikariPool-1 - Start completed.
2024-11-17T04:31:19.552-05:00  WARN 21868 --- [Intento3] [           main] org.hibernate.orm.deprecation            : HHH90000025: PostgreSQLDialect does not need to be specified explicitly using 'hibernate.dialect' (remove the property setting and it will be selected by default)
2024-11-17T04:31:23.009-05:00  INFO 21868 --- [Intento3] [           main] o.h.e.t.j.p.i.JtaPlatformInitiator       : HHH000489: No JTA platform available (set 'hibernate.transaction.jta.platform' to enable JTA platform integration)
2024-11-17T04:31:26.205-05:00  INFO 21868 --- [Intento3] [           main] j.LocalContainerEntityManagerFactoryBean : Initialized JPA EntityManagerFactory for persistence unit 'default'
Conectando al broker MQTT: tcp://broker.hivemq.com:1883
2024-11-17T04:31:28.482-05:00  WARN 21868 --- [Intento3] [           main] JpaBaseConfiguration$JpaWebConfiguration : spring.jpa.open-in-view is enabled by default. Therefore, database queries may be performed during view rendering. Explicitly configure spring.jpa.open-in-view to disable this warning
2024-11-17T04:31:31.001-05:00  INFO 21868 --- [Intento3] [           main] o.s.b.a.e.web.EndpointLinksResolver      : Exposing 1 endpoint beneath base path '/actuator'
2024-11-17T04:31:31.682-05:00 DEBUG 21868 --- [Intento3] [           main] .s.i.c.GlobalChannelInterceptorProcessor : No global channel interceptors.
2024-11-17T04:31:31.692-05:00  INFO 21868 --- [Intento3] [           main] o.s.i.endpoint.EventDrivenConsumer       : Adding {logging-channel-adapter:_org.springframework.integration.errorLogger} as a subscriber to the 'errorChannel' channel
2024-11-17T04:31:31.693-05:00  INFO 21868 --- [Intento3] [           main] o.s.i.channel.PublishSubscribeChannel    : Channel 'Intento3.errorChannel' has 1 subscriber(s).
2024-11-17T04:31:31.695-05:00  INFO 21868 --- [Intento3] [           main] o.s.i.endpoint.EventDrivenConsumer       : started bean '_org.springframework.integration.errorLogger'
2024-11-17T04:31:31.695-05:00  INFO 21868 --- [Intento3] [           main] o.s.i.endpoint.EventDrivenConsumer       : Adding {message-handler:handler.serviceActivator} as a subscriber to the 'mqttInputChannel' channel
2024-11-17T04:31:31.695-05:00  INFO 21868 --- [Intento3] [           main] o.s.integration.channel.DirectChannel    : Channel 'Intento3.mqttInputChannel' has 1 subscriber(s).
2024-11-17T04:31:31.696-05:00  INFO 21868 --- [Intento3] [           main] o.s.i.endpoint.EventDrivenConsumer       : started bean 'handler.serviceActivator'
2024-11-17T04:31:31.696-05:00  INFO 21868 --- [Intento3] [           main] o.s.i.endpoint.EventDrivenConsumer       : Adding {message-handler:mqttOutbound.serviceActivator} as a subscriber to the 'mqttOutputChannel' channel
2024-11-17T04:31:31.696-05:00  INFO 21868 --- [Intento3] [           main] o.s.integration.channel.DirectChannel    : Channel 'Intento3.mqttOutputChannel' has 1 subscriber(s).
2024-11-17T04:31:31.697-05:00  INFO 21868 --- [Intento3] [           main] o.s.i.endpoint.EventDrivenConsumer       : started bean 'mqttOutbound.serviceActivator'
2024-11-17T04:31:31.713-05:00 DEBUG 21868 --- [Intento3] [           main] o.e.paho.client.mqttv3.MqttAsyncClient   : intento3-client-f76d48f5-3653-4d95-914c-a41f2e56e63d_inbound: <init> ClientID=intento3-client-f76d48f5-3653-4d95-914c-a41f2e56e63d_inbound ServerURI=tcp://NO_URL_PROVIDED PersistenceType=null
2024-11-17T04:31:31.720-05:00 DEBUG 21868 --- [Intento3] [           main] o.e.p.c.mqttv3.internal.CommsTokenStore  : intento3-client-f76d48f5-3653-4d95-914c-a41f2e56e63d_inbound: <>
2024-11-17T04:31:31.734-05:00 DEBUG 21868 --- [Intento3] [           main] o.e.p.c.mqttv3.internal.ClientState      : intento3-client-f76d48f5-3653-4d95-914c-a41f2e56e63d_inbound: >
2024-11-17T04:31:31.737-05:00 DEBUG 21868 --- [Intento3] [           main] o.e.paho.client.mqttv3.MqttAsyncClient   : intento3-client-f76d48f5-3653-4d95-914c-a41f2e56e63d_inbound: cleanSession=true connectionTimeout=30 TimekeepAlive=60 userName=null password=[null] will=[null] userContext=null callback=null
2024-11-17T04:31:31.737-05:00 DEBUG 21868 --- [Intento3] [           main] o.e.paho.client.mqttv3.MqttAsyncClient   : intento3-client-f76d48f5-3653-4d95-914c-a41f2e56e63d_inbound: URI=tcp://NO_URL_PROVIDED
2024-11-17T04:31:31.737-05:00 DEBUG 21868 --- [Intento3] [           main] o.e.paho.client.mqttv3.MqttAsyncClient   : intento3-client-f76d48f5-3653-4d95-914c-a41f2e56e63d_inbound: URI=tcp://broker.hivemq.com:1883
2024-11-17T04:31:31.739-05:00 DEBUG 21868 --- [Intento3] [           main] o.e.paho.client.mqttv3.MqttAsyncClient   : intento3-client-f76d48f5-3653-4d95-914c-a41f2e56e63d_inbound: <
2024-11-17T04:31:31.742-05:00 DEBUG 21868 --- [Intento3] [           main] o.e.p.c.mqttv3.internal.ClientComms      : intento3-client-f76d48f5-3653-4d95-914c-a41f2e56e63d_inbound: state=CONNECTING
2024-11-17T04:31:31.743-05:00 DEBUG 21868 --- [Intento3] [           main] o.e.p.c.mqttv3.internal.CommsTokenStore  : intento3-client-f76d48f5-3653-4d95-914c-a41f2e56e63d_inbound: >
2024-11-17T04:31:31.745-05:00 DEBUG 21868 --- [Intento3] [           main] o.e.paho.client.mqttv3.internal.Token    : intento3-client-f76d48f5-3653-4d95-914c-a41f2e56e63d_inbound: key=null wait max=5,000 token=key=null ,topics= ,usercontext=org.eclipse.paho.client.mqttv3.MqttAsyncClient@fd9512f ,isComplete=false ,isNotified=false ,exception=null ,actioncallback=org.eclipse.paho.client.mqttv3.internal.ConnectActionListener@698c19ef
2024-11-17T04:31:31.745-05:00 DEBUG 21868 --- [Intento3] [e56e63d_inbound] o.e.p.c.mqttv3.internal.ClientComms      : intento3-client-f76d48f5-3653-4d95-914c-a41f2e56e63d_inbound: >
2024-11-17T04:31:31.746-05:00 DEBUG 21868 --- [Intento3] [e56e63d_inbound] o.e.p.c.mqttv3.internal.CommsTokenStore  : intento3-client-f76d48f5-3653-4d95-914c-a41f2e56e63d_inbound: >
2024-11-17T04:31:31.746-05:00 DEBUG 21868 --- [Intento3] [           main] o.e.paho.client.mqttv3.internal.Token    : intento3-client-f76d48f5-3653-4d95-914c-a41f2e56e63d_inbound: >key=null timeout=5,000 sent=false completed=false hasException=false response=null token=key=null ,topics= ,usercontext=org.eclipse.paho.client.mqttv3.MqttAsyncClient@fd9512f ,isComplete=false ,isNotified=false ,exception=null ,actioncallback=org.eclipse.paho.client.mqttv3.internal.ConnectActionListener@698c19ef
2024-11-17T04:31:31.747-05:00 DEBUG 21868 --- [Intento3] [e56e63d_inbound] o.e.p.c.mqttv3.internal.CommsTokenStore  : intento3-client-f76d48f5-3653-4d95-914c-a41f2e56e63d_inbound: key=Con message=CONNECT clientId intento3-client-f76d48f5-3653-4d95-914c-a41f2e56e63d_inbound keepAliveInterval 60
2024-11-17T04:31:31.747-05:00 DEBUG 21868 --- [Intento3] [           main] o.e.paho.client.mqttv3.internal.Token    : intento3-client-f76d48f5-3653-4d95-914c-a41f2e56e63d_inbound: key=null wait max=5,000
2024-11-17T04:31:31.747-05:00 DEBUG 21868 --- [Intento3] [e56e63d_inbound] o.e.p.c.mqttv3.internal.CommsTokenStore  : intento3-client-f76d48f5-3653-4d95-914c-a41f2e56e63d_inbound: key=Con token=org.eclipse.paho.client.mqttv3.MqttToken@738fc8e8
2024-11-17T04:31:31.748-05:00 DEBUG 21868 --- [Intento3] [e56e63d_inbound] o.e.p.c.m.internal.TCPNetworkModule      : intento3-client-f76d48f5-3653-4d95-914c-a41f2e56e63d_inbound: connect to host broker.hivemq.com port 1,883 timeout 30,000
2024-11-17T04:31:32.395-05:00 DEBUG 21868 --- [Intento3] [e56e63d_inbound] o.e.p.c.mqttv3.internal.CommsReceiver    : intento3-client-f76d48f5-3653-4d95-914c-a41f2e56e63d_inbound: starting
2024-11-17T04:31:32.396-05:00 DEBUG 21868 --- [Intento3] [e56e63d_inbound] o.e.p.c.mqttv3.internal.CommsReceiver    : intento3-client-f76d48f5-3653-4d95-914c-a41f2e56e63d_inbound: network read message
2024-11-17T04:31:32.507-05:00 DEBUG 21868 --- [Intento3] [e56e63d_inbound] o.e.p.c.mqttv3.internal.ClientState      : intento3-client-f76d48f5-3653-4d95-914c-a41f2e56e63d_inbound: wait for new work or for space in the inflight window
2024-11-17T04:31:32.614-05:00 DEBUG 21868 --- [Intento3] [e56e63d_inbound] o.e.p.c.mqttv3.internal.CommsCallback    : intento3-client-f76d48f5-3653-4d95-914c-a41f2e56e63d_inbound: wait for workAvailable
2024-11-17T04:31:32.723-05:00 DEBUG 21868 --- [Intento3] [e56e63d_inbound] o.e.p.c.mqttv3.internal.ClientComms      : intento3-client-f76d48f5-3653-4d95-914c-a41f2e56e63d_inbound: 200
2024-11-17T04:31:32.724-05:00 DEBUG 21868 --- [Intento3] [e56e63d_inbound] o.e.p.c.mqttv3.internal.ClientState      : intento3-client-f76d48f5-3653-4d95-914c-a41f2e56e63d_inbound: pending send key=0 message CONNECT clientId intento3-client-f76d48f5-3653-4d95-914c-a41f2e56e63d_inbound keepAliveInterval 60
2024-11-17T04:31:32.724-05:00 DEBUG 21868 --- [Intento3] [e56e63d_inbound] o.e.p.c.mqttv3.internal.CommsTokenStore  : intento3-client-f76d48f5-3653-4d95-914c-a41f2e56e63d_inbound: key=Con message=CONNECT clientId intento3-client-f76d48f5-3653-4d95-914c-a41f2e56e63d_inbound keepAliveInterval 60
2024-11-17T04:31:32.724-05:00 DEBUG 21868 --- [Intento3] [e56e63d_inbound] o.e.p.c.mqttv3.internal.CommsTokenStore  : intento3-client-f76d48f5-3653-4d95-914c-a41f2e56e63d_inbound: key=Con token=org.eclipse.paho.client.mqttv3.MqttToken@738fc8e8
2024-11-17T04:31:32.724-05:00 DEBUG 21868 --- [Intento3] [e56e63d_inbound] o.e.p.c.mqttv3.internal.ClientState      : intento3-client-f76d48f5-3653-4d95-914c-a41f2e56e63d_inbound: new work or ping arrived 
2024-11-17T04:31:32.725-05:00 DEBUG 21868 --- [Intento3] [e56e63d_inbound] o.e.p.c.mqttv3.internal.CommsSender      : intento3-client-f76d48f5-3653-4d95-914c-a41f2e56e63d_inbound: network send key=Con msg=CONNECT clientId intento3-client-f76d48f5-3653-4d95-914c-a41f2e56e63d_inbound keepAliveInterval 60
2024-11-17T04:31:32.726-05:00 DEBUG 21868 --- [Intento3] [e56e63d_inbound] o.e.p.c.mqttv3.internal.ClientState      : intento3-client-f76d48f5-3653-4d95-914c-a41f2e56e63d_inbound: sent bytes count=12
2024-11-17T04:31:32.726-05:00 DEBUG 21868 --- [Intento3] [e56e63d_inbound] o.e.p.c.mqttv3.internal.ClientState      : intento3-client-f76d48f5-3653-4d95-914c-a41f2e56e63d_inbound: sent bytes count=62
2024-11-17T04:31:32.726-05:00 DEBUG 21868 --- [Intento3] [e56e63d_inbound] o.e.p.c.m.i.wire.MqttOutputStream        : null: Sent CONNECT clientId intento3-client-f76d48f5-3653-4d95-914c-a41f2e56e63d_inbound keepAliveInterval 60
2024-11-17T04:31:32.726-05:00 DEBUG 21868 --- [Intento3] [e56e63d_inbound] o.e.p.c.mqttv3.internal.ClientState      : intento3-client-f76d48f5-3653-4d95-914c-a41f2e56e63d_inbound: key=Con
2024-11-17T04:31:32.727-05:00 DEBUG 21868 --- [Intento3] [e56e63d_inbound] o.e.paho.client.mqttv3.internal.Token    : intento3-client-f76d48f5-3653-4d95-914c-a41f2e56e63d_inbound: > key=Con
2024-11-17T04:31:32.727-05:00 DEBUG 21868 --- [Intento3] [e56e63d_inbound] o.e.p.c.mqttv3.internal.ClientState      : intento3-client-f76d48f5-3653-4d95-914c-a41f2e56e63d_inbound: wait for new work or for space in the inflight window
2024-11-17T04:31:32.940-05:00 DEBUG 21868 --- [Intento3] [e56e63d_inbound] o.e.p.c.mqttv3.internal.ClientState      : intento3-client-f76d48f5-3653-4d95-914c-a41f2e56e63d_inbound: received bytes count=1
2024-11-17T04:31:32.942-05:00 DEBUG 21868 --- [Intento3] [e56e63d_inbound] o.e.p.c.mqttv3.internal.ClientState      : intento3-client-f76d48f5-3653-4d95-914c-a41f2e56e63d_inbound: received bytes count=2
2024-11-17T04:31:32.943-05:00 DEBUG 21868 --- [Intento3] [e56e63d_inbound] o.e.p.c.m.internal.wire.MqttInputStream  : null: received CONNACK msgId 0 session present:false return code: 5
2024-11-17T04:31:32.943-05:00 DEBUG 21868 --- [Intento3] [e56e63d_inbound] o.e.p.c.mqttv3.internal.ClientState      : intento3-client-f76d48f5-3653-4d95-914c-a41f2e56e63d_inbound: received key=0 message=CONNACK msgId 0 session present:false return code: 5
2024-11-17T04:31:32.944-05:00 DEBUG 21868 --- [Intento3] [e56e63d_inbound] o.e.p.c.mqttv3.internal.CommsReceiver    : intento3-client-f76d48f5-3653-4d95-914c-a41f2e56e63d_inbound: Stopping, MQttException

org.eclipse.paho.client.mqttv3.MqttSecurityException: No autorizado a conectarse
	at org.eclipse.paho.client.mqttv3.internal.ExceptionHelper.createMqttException(ExceptionHelper.java:28) ~[org.eclipse.paho.client.mqttv3-1.2.5.jar:na]
	at org.eclipse.paho.client.mqttv3.internal.ClientState.notifyReceivedAck(ClientState.java:1053) ~[org.eclipse.paho.client.mqttv3-1.2.5.jar:na]
	at org.eclipse.paho.client.mqttv3.internal.CommsReceiver.run(CommsReceiver.java:151) ~[org.eclipse.paho.client.mqttv3-1.2.5.jar:na]
	at java.base/java.lang.Thread.run(Thread.java:1583) ~[na:na]

2024-11-17T04:31:32.954-05:00 DEBUG 21868 --- [Intento3] [e56e63d_inbound] o.e.p.c.mqttv3.internal.ClientComms      : intento3-client-f76d48f5-3653-4d95-914c-a41f2e56e63d_inbound: state=DISCONNECTING
2024-11-17T04:31:32.955-05:00 DEBUG 21868 --- [Intento3] [e56e63d_inbound] o.e.p.c.mqttv3.internal.CommsCallback    : intento3-client-f76d48f5-3653-4d95-914c-a41f2e56e63d_inbound: stopping
2024-11-17T04:31:32.955-05:00 DEBUG 21868 --- [Intento3] [e56e63d_inbound] o.e.p.c.mqttv3.internal.CommsCallback    : intento3-client-f76d48f5-3653-4d95-914c-a41f2e56e63d_inbound: notify workAvailable and wait for run
2024-11-17T04:31:32.955-05:00 DEBUG 21868 --- [Intento3] [e56e63d_inbound] o.e.p.c.mqttv3.internal.CommsCallback    : intento3-client-f76d48f5-3653-4d95-914c-a41f2e56e63d_inbound: stopped
2024-11-17T04:31:32.955-05:00 DEBUG 21868 --- [Intento3] [e56e63d_inbound] o.e.p.c.mqttv3.internal.CommsCallback    : intento3-client-f76d48f5-3653-4d95-914c-a41f2e56e63d_inbound: notify spaceAvailable
2024-11-17T04:31:32.955-05:00 DEBUG 21868 --- [Intento3] [e56e63d_inbound] o.e.p.c.mqttv3.internal.CommsReceiver    : intento3-client-f76d48f5-3653-4d95-914c-a41f2e56e63d_inbound: stopping
2024-11-17T04:31:32.955-05:00 DEBUG 21868 --- [Intento3] [e56e63d_inbound] o.e.p.c.mqttv3.internal.CommsReceiver    : intento3-client-f76d48f5-3653-4d95-914c-a41f2e56e63d_inbound: stopped
2024-11-17T04:31:32.956-05:00 DEBUG 21868 --- [Intento3] [e56e63d_inbound] o.e.p.c.mqttv3.internal.CommsTokenStore  : intento3-client-f76d48f5-3653-4d95-914c-a41f2e56e63d_inbound: resp=El cliente se está desconectando (32102)
2024-11-17T04:31:32.956-05:00 DEBUG 21868 --- [Intento3] [e56e63d_inbound] o.e.p.c.mqttv3.internal.ClientComms      : intento3-client-f76d48f5-3653-4d95-914c-a41f2e56e63d_inbound: >
2024-11-17T04:31:32.956-05:00 DEBUG 21868 --- [Intento3] [e56e63d_inbound] o.e.p.c.mqttv3.internal.ClientState      : intento3-client-f76d48f5-3653-4d95-914c-a41f2e56e63d_inbound: reason No autorizado a conectarse (5)
2024-11-17T04:31:32.957-05:00 DEBUG 21868 --- [Intento3] [e56e63d_inbound] o.e.p.c.mqttv3.internal.CommsTokenStore  : intento3-client-f76d48f5-3653-4d95-914c-a41f2e56e63d_inbound: >
2024-11-17T04:31:32.957-05:00 DEBUG 21868 --- [Intento3] [e56e63d_inbound] o.e.p.c.mqttv3.internal.CommsTokenStore  : intento3-client-f76d48f5-3653-4d95-914c-a41f2e56e63d_inbound: key=Con
2024-11-17T04:31:32.957-05:00 DEBUG 21868 --- [Intento3] [e56e63d_inbound] o.e.p.c.mqttv3.internal.ClientState      : intento3-client-f76d48f5-3653-4d95-914c-a41f2e56e63d_inbound: disconnected
2024-11-17T04:31:32.957-05:00 DEBUG 21868 --- [Intento3] [e56e63d_inbound] o.e.p.c.mqttv3.internal.ClientState      : intento3-client-f76d48f5-3653-4d95-914c-a41f2e56e63d_inbound: >
2024-11-17T04:31:32.957-05:00 DEBUG 21868 --- [Intento3] [e56e63d_inbound] o.e.p.c.mqttv3.internal.CommsTokenStore  : intento3-client-f76d48f5-3653-4d95-914c-a41f2e56e63d_inbound: > 0 tokens
2024-11-17T04:31:32.957-05:00 DEBUG 21868 --- [Intento3] [e56e63d_inbound] o.e.p.c.mqttv3.internal.CommsSender      : intento3-client-f76d48f5-3653-4d95-914c-a41f2e56e63d_inbound: stopping sender
2024-11-17T04:31:32.958-05:00 DEBUG 21868 --- [Intento3] [e56e63d_inbound] o.e.p.c.mqttv3.internal.ClientState      : intento3-client-f76d48f5-3653-4d95-914c-a41f2e56e63d_inbound: notifying queueLock holders
2024-11-17T04:31:32.958-05:00 DEBUG 21868 --- [Intento3] [e56e63d_inbound] o.e.p.c.mqttv3.internal.CommsSender      : intento3-client-f76d48f5-3653-4d95-914c-a41f2e56e63d_inbound: stopped
2024-11-17T04:31:32.958-05:00 DEBUG 21868 --- [Intento3] [e56e63d_inbound] o.e.p.c.mqttv3.internal.ClientState      : intento3-client-f76d48f5-3653-4d95-914c-a41f2e56e63d_inbound: new work or ping arrived 
2024-11-17T04:31:32.958-05:00 DEBUG 21868 --- [Intento3] [e56e63d_inbound] o.e.paho.client.mqttv3.TimerPingSender   : intento3-client-f76d48f5-3653-4d95-914c-a41f2e56e63d_inbound: stop
2024-11-17T04:31:32.958-05:00 DEBUG 21868 --- [Intento3] [e56e63d_inbound] o.e.p.c.mqttv3.internal.ClientState      : intento3-client-f76d48f5-3653-4d95-914c-a41f2e56e63d_inbound: no outstanding flows and not connected
2024-11-17T04:31:32.958-05:00 DEBUG 21868 --- [Intento3] [e56e63d_inbound] o.e.p.c.mqttv3.internal.ClientComms      : intento3-client-f76d48f5-3653-4d95-914c-a41f2e56e63d_inbound: state=DISCONNECTED
2024-11-17T04:31:32.958-05:00 DEBUG 21868 --- [Intento3] [e56e63d_inbound] o.e.p.c.mqttv3.internal.CommsSender      : intento3-client-f76d48f5-3653-4d95-914c-a41f2e56e63d_inbound: get message returned null, stopping}
2024-11-17T04:31:32.958-05:00 DEBUG 21868 --- [Intento3] [e56e63d_inbound] o.e.p.c.mqttv3.internal.CommsCallback    : intento3-client-f76d48f5-3653-4d95-914c-a41f2e56e63d_inbound: callback and notify for key=Con
2024-11-17T04:31:32.958-05:00 DEBUG 21868 --- [Intento3] [e56e63d_inbound] o.e.p.c.mqttv3.internal.CommsSender      : intento3-client-f76d48f5-3653-4d95-914c-a41f2e56e63d_inbound: <
2024-11-17T04:31:32.958-05:00 DEBUG 21868 --- [Intento3] [e56e63d_inbound] o.e.paho.client.mqttv3.internal.Token    : intento3-client-f76d48f5-3653-4d95-914c-a41f2e56e63d_inbound: >key=Con response=null excep=No autorizado a conectarse (5)
2024-11-17T04:31:32.959-05:00 DEBUG 21868 --- [Intento3] [e56e63d_inbound] o.e.p.c.mqttv3.internal.CommsCallback    : intento3-client-f76d48f5-3653-4d95-914c-a41f2e56e63d_inbound: call onSuccess key=Con
2024-11-17T04:31:32.959-05:00 DEBUG 21868 --- [Intento3] [e56e63d_inbound] o.e.p.c.mqttv3.internal.ClientComms      : intento3-client-f76d48f5-3653-4d95-914c-a41f2e56e63d_inbound: state=CONNECTING
2024-11-17T04:31:32.959-05:00 DEBUG 21868 --- [Intento3] [e56e63d_inbound] o.e.p.c.mqttv3.internal.CommsTokenStore  : intento3-client-f76d48f5-3653-4d95-914c-a41f2e56e63d_inbound: >
2024-11-17T04:31:32.959-05:00 DEBUG 21868 --- [Intento3] [e56e63d_inbound] o.e.p.c.mqttv3.internal.CommsReceiver    : intento3-client-f76d48f5-3653-4d95-914c-a41f2e56e63d_inbound: <
2024-11-17T04:31:32.960-05:00 DEBUG 21868 --- [Intento3] [e56e63d_inbound] o.e.p.c.mqttv3.internal.ClientComms      : intento3-client-f76d48f5-3653-4d95-914c-a41f2e56e63d_inbound: >
2024-11-17T04:31:32.960-05:00 DEBUG 21868 --- [Intento3] [e56e63d_inbound] o.e.p.c.mqttv3.internal.CommsTokenStore  : intento3-client-f76d48f5-3653-4d95-914c-a41f2e56e63d_inbound: >
2024-11-17T04:31:32.960-05:00 DEBUG 21868 --- [Intento3] [e56e63d_inbound] o.e.p.c.mqttv3.internal.CommsTokenStore  : intento3-client-f76d48f5-3653-4d95-914c-a41f2e56e63d_inbound: key=Con message=CONNECT clientId intento3-client-f76d48f5-3653-4d95-914c-a41f2e56e63d_inbound keepAliveInterval 60
2024-11-17T04:31:32.960-05:00 DEBUG 21868 --- [Intento3] [e56e63d_inbound] o.e.p.c.mqttv3.internal.CommsTokenStore  : intento3-client-f76d48f5-3653-4d95-914c-a41f2e56e63d_inbound: key=Con token=org.eclipse.paho.client.mqttv3.MqttToken@ed39005
2024-11-17T04:31:32.960-05:00 DEBUG 21868 --- [Intento3] [e56e63d_inbound] o.e.p.c.m.internal.TCPNetworkModule      : intento3-client-f76d48f5-3653-4d95-914c-a41f2e56e63d_inbound: connect to host broker.hivemq.com port 1,883 timeout 30,000
2024-11-17T04:31:33.148-05:00 DEBUG 21868 --- [Intento3] [e56e63d_inbound] o.e.p.c.mqttv3.internal.CommsReceiver    : intento3-client-f76d48f5-3653-4d95-914c-a41f2e56e63d_inbound: starting
2024-11-17T04:31:33.149-05:00 DEBUG 21868 --- [Intento3] [e56e63d_inbound] o.e.p.c.mqttv3.internal.CommsReceiver    : intento3-client-f76d48f5-3653-4d95-914c-a41f2e56e63d_inbound: network read message
2024-11-17T04:31:33.250-05:00 DEBUG 21868 --- [Intento3] [e56e63d_inbound] o.e.p.c.mqttv3.internal.ClientState      : intento3-client-f76d48f5-3653-4d95-914c-a41f2e56e63d_inbound: wait for new work or for space in the inflight window
2024-11-17T04:31:33.360-05:00 DEBUG 21868 --- [Intento3] [e56e63d_inbound] o.e.p.c.mqttv3.internal.CommsCallback    : intento3-client-f76d48f5-3653-4d95-914c-a41f2e56e63d_inbound: wait for workAvailable
2024-11-17T04:31:33.470-05:00 DEBUG 21868 --- [Intento3] [e56e63d_inbound] o.e.p.c.mqttv3.internal.ClientComms      : intento3-client-f76d48f5-3653-4d95-914c-a41f2e56e63d_inbound: 200
2024-11-17T04:31:33.470-05:00 DEBUG 21868 --- [Intento3] [e56e63d_inbound] o.e.p.c.mqttv3.internal.ClientState      : intento3-client-f76d48f5-3653-4d95-914c-a41f2e56e63d_inbound: pending send key=0 message CONNECT clientId intento3-client-f76d48f5-3653-4d95-914c-a41f2e56e63d_inbound keepAliveInterval 60
2024-11-17T04:31:33.470-05:00 DEBUG 21868 --- [Intento3] [e56e63d_inbound] o.e.p.c.mqttv3.internal.CommsTokenStore  : intento3-client-f76d48f5-3653-4d95-914c-a41f2e56e63d_inbound: key=Con message=CONNECT clientId intento3-client-f76d48f5-3653-4d95-914c-a41f2e56e63d_inbound keepAliveInterval 60
2024-11-17T04:31:33.471-05:00 DEBUG 21868 --- [Intento3] [e56e63d_inbound] o.e.p.c.mqttv3.internal.CommsTokenStore  : intento3-client-f76d48f5-3653-4d95-914c-a41f2e56e63d_inbound: key=Con token=org.eclipse.paho.client.mqttv3.MqttToken@ed39005
2024-11-17T04:31:33.471-05:00 DEBUG 21868 --- [Intento3] [e56e63d_inbound] o.e.p.c.mqttv3.internal.ClientState      : intento3-client-f76d48f5-3653-4d95-914c-a41f2e56e63d_inbound: new work or ping arrived 
2024-11-17T04:31:33.471-05:00 DEBUG 21868 --- [Intento3] [e56e63d_inbound] o.e.p.c.mqttv3.internal.CommsSender      : intento3-client-f76d48f5-3653-4d95-914c-a41f2e56e63d_inbound: network send key=Con msg=CONNECT clientId intento3-client-f76d48f5-3653-4d95-914c-a41f2e56e63d_inbound keepAliveInterval 60
2024-11-17T04:31:33.472-05:00 DEBUG 21868 --- [Intento3] [e56e63d_inbound] o.e.p.c.mqttv3.internal.ClientState      : intento3-client-f76d48f5-3653-4d95-914c-a41f2e56e63d_inbound: sent bytes count=14
2024-11-17T04:31:33.472-05:00 DEBUG 21868 --- [Intento3] [e56e63d_inbound] o.e.p.c.mqttv3.internal.ClientState      : intento3-client-f76d48f5-3653-4d95-914c-a41f2e56e63d_inbound: sent bytes count=62
2024-11-17T04:31:33.472-05:00 DEBUG 21868 --- [Intento3] [e56e63d_inbound] o.e.p.c.m.i.wire.MqttOutputStream        : null: Sent CONNECT clientId intento3-client-f76d48f5-3653-4d95-914c-a41f2e56e63d_inbound keepAliveInterval 60
2024-11-17T04:31:33.472-05:00 DEBUG 21868 --- [Intento3] [e56e63d_inbound] o.e.p.c.mqttv3.internal.ClientState      : intento3-client-f76d48f5-3653-4d95-914c-a41f2e56e63d_inbound: key=Con
2024-11-17T04:31:33.473-05:00 DEBUG 21868 --- [Intento3] [e56e63d_inbound] o.e.paho.client.mqttv3.internal.Token    : intento3-client-f76d48f5-3653-4d95-914c-a41f2e56e63d_inbound: > key=Con
2024-11-17T04:31:33.473-05:00 DEBUG 21868 --- [Intento3] [e56e63d_inbound] o.e.p.c.mqttv3.internal.ClientState      : intento3-client-f76d48f5-3653-4d95-914c-a41f2e56e63d_inbound: wait for new work or for space in the inflight window
2024-11-17T04:31:33.661-05:00 DEBUG 21868 --- [Intento3] [e56e63d_inbound] o.e.p.c.mqttv3.internal.ClientState      : intento3-client-f76d48f5-3653-4d95-914c-a41f2e56e63d_inbound: received bytes count=1
2024-11-17T04:31:33.661-05:00 DEBUG 21868 --- [Intento3] [e56e63d_inbound] o.e.p.c.mqttv3.internal.ClientState      : intento3-client-f76d48f5-3653-4d95-914c-a41f2e56e63d_inbound: received bytes count=2
2024-11-17T04:31:33.662-05:00 DEBUG 21868 --- [Intento3] [e56e63d_inbound] o.e.p.c.m.internal.wire.MqttInputStream  : null: received CONNACK msgId 0 session present:false return code: 5
2024-11-17T04:31:33.662-05:00 DEBUG 21868 --- [Intento3] [e56e63d_inbound] o.e.p.c.mqttv3.internal.ClientState      : intento3-client-f76d48f5-3653-4d95-914c-a41f2e56e63d_inbound: received key=0 message=CONNACK msgId 0 session present:false return code: 5
2024-11-17T04:31:33.663-05:00 DEBUG 21868 --- [Intento3] [e56e63d_inbound] o.e.p.c.mqttv3.internal.CommsReceiver    : intento3-client-f76d48f5-3653-4d95-914c-a41f2e56e63d_inbound: Stopping, MQttException

org.eclipse.paho.client.mqttv3.MqttSecurityException: No autorizado a conectarse
	at org.eclipse.paho.client.mqttv3.internal.ExceptionHelper.createMqttException(ExceptionHelper.java:28) ~[org.eclipse.paho.client.mqttv3-1.2.5.jar:na]
	at org.eclipse.paho.client.mqttv3.internal.ClientState.notifyReceivedAck(ClientState.java:1053) ~[org.eclipse.paho.client.mqttv3-1.2.5.jar:na]
	at org.eclipse.paho.client.mqttv3.internal.CommsReceiver.run(CommsReceiver.java:151) ~[org.eclipse.paho.client.mqttv3-1.2.5.jar:na]
	at java.base/java.lang.Thread.run(Thread.java:1583) ~[na:na]

2024-11-17T04:31:33.663-05:00 DEBUG 21868 --- [Intento3] [e56e63d_inbound] o.e.p.c.mqttv3.internal.ClientComms      : intento3-client-f76d48f5-3653-4d95-914c-a41f2e56e63d_inbound: state=DISCONNECTING
2024-11-17T04:31:33.663-05:00 DEBUG 21868 --- [Intento3] [e56e63d_inbound] o.e.p.c.mqttv3.internal.CommsCallback    : intento3-client-f76d48f5-3653-4d95-914c-a41f2e56e63d_inbound: stopping
2024-11-17T04:31:33.664-05:00 DEBUG 21868 --- [Intento3] [e56e63d_inbound] o.e.p.c.mqttv3.internal.CommsCallback    : intento3-client-f76d48f5-3653-4d95-914c-a41f2e56e63d_inbound: notify workAvailable and wait for run
2024-11-17T04:31:33.664-05:00 DEBUG 21868 --- [Intento3] [e56e63d_inbound] o.e.p.c.mqttv3.internal.CommsCallback    : intento3-client-f76d48f5-3653-4d95-914c-a41f2e56e63d_inbound: stopped
2024-11-17T04:31:33.664-05:00 DEBUG 21868 --- [Intento3] [e56e63d_inbound] o.e.p.c.mqttv3.internal.CommsCallback    : intento3-client-f76d48f5-3653-4d95-914c-a41f2e56e63d_inbound: notify spaceAvailable
2024-11-17T04:31:33.664-05:00 DEBUG 21868 --- [Intento3] [e56e63d_inbound] o.e.p.c.mqttv3.internal.CommsReceiver    : intento3-client-f76d48f5-3653-4d95-914c-a41f2e56e63d_inbound: stopping
2024-11-17T04:31:33.664-05:00 DEBUG 21868 --- [Intento3] [e56e63d_inbound] o.e.p.c.mqttv3.internal.CommsReceiver    : intento3-client-f76d48f5-3653-4d95-914c-a41f2e56e63d_inbound: stopped
2024-11-17T04:31:33.664-05:00 DEBUG 21868 --- [Intento3] [e56e63d_inbound] o.e.p.c.mqttv3.internal.CommsTokenStore  : intento3-client-f76d48f5-3653-4d95-914c-a41f2e56e63d_inbound: resp=El cliente se está desconectando (32102)
2024-11-17T04:31:33.665-05:00 DEBUG 21868 --- [Intento3] [e56e63d_inbound] o.e.p.c.mqttv3.internal.ClientComms      : intento3-client-f76d48f5-3653-4d95-914c-a41f2e56e63d_inbound: >
2024-11-17T04:31:33.665-05:00 DEBUG 21868 --- [Intento3] [e56e63d_inbound] o.e.p.c.mqttv3.internal.ClientState      : intento3-client-f76d48f5-3653-4d95-914c-a41f2e56e63d_inbound: reason No autorizado a conectarse (5)
2024-11-17T04:31:33.665-05:00 DEBUG 21868 --- [Intento3] [e56e63d_inbound] o.e.p.c.mqttv3.internal.CommsTokenStore  : intento3-client-f76d48f5-3653-4d95-914c-a41f2e56e63d_inbound: >
2024-11-17T04:31:33.665-05:00 DEBUG 21868 --- [Intento3] [e56e63d_inbound] o.e.p.c.mqttv3.internal.CommsTokenStore  : intento3-client-f76d48f5-3653-4d95-914c-a41f2e56e63d_inbound: key=Con
2024-11-17T04:31:33.665-05:00 DEBUG 21868 --- [Intento3] [e56e63d_inbound] o.e.p.c.mqttv3.internal.ClientState      : intento3-client-f76d48f5-3653-4d95-914c-a41f2e56e63d_inbound: disconnected
2024-11-17T04:31:33.665-05:00 DEBUG 21868 --- [Intento3] [e56e63d_inbound] o.e.p.c.mqttv3.internal.ClientState      : intento3-client-f76d48f5-3653-4d95-914c-a41f2e56e63d_inbound: >
2024-11-17T04:31:33.665-05:00 DEBUG 21868 --- [Intento3] [e56e63d_inbound] o.e.p.c.mqttv3.internal.CommsTokenStore  : intento3-client-f76d48f5-3653-4d95-914c-a41f2e56e63d_inbound: > 0 tokens
2024-11-17T04:31:33.666-05:00 DEBUG 21868 --- [Intento3] [e56e63d_inbound] o.e.p.c.mqttv3.internal.CommsSender      : intento3-client-f76d48f5-3653-4d95-914c-a41f2e56e63d_inbound: stopping sender
2024-11-17T04:31:33.666-05:00 DEBUG 21868 --- [Intento3] [e56e63d_inbound] o.e.p.c.mqttv3.internal.ClientState      : intento3-client-f76d48f5-3653-4d95-914c-a41f2e56e63d_inbound: notifying queueLock holders
2024-11-17T04:31:33.666-05:00 DEBUG 21868 --- [Intento3] [e56e63d_inbound] o.e.p.c.mqttv3.internal.CommsSender      : intento3-client-f76d48f5-3653-4d95-914c-a41f2e56e63d_inbound: stopped
2024-11-17T04:31:33.666-05:00 DEBUG 21868 --- [Intento3] [e56e63d_inbound] o.e.p.c.mqttv3.internal.ClientState      : intento3-client-f76d48f5-3653-4d95-914c-a41f2e56e63d_inbound: new work or ping arrived 
2024-11-17T04:31:33.666-05:00 DEBUG 21868 --- [Intento3] [e56e63d_inbound] o.e.paho.client.mqttv3.TimerPingSender   : intento3-client-f76d48f5-3653-4d95-914c-a41f2e56e63d_inbound: stop
2024-11-17T04:31:33.666-05:00 DEBUG 21868 --- [Intento3] [e56e63d_inbound] o.e.p.c.mqttv3.internal.ClientState      : intento3-client-f76d48f5-3653-4d95-914c-a41f2e56e63d_inbound: no outstanding flows and not connected
2024-11-17T04:31:33.666-05:00 DEBUG 21868 --- [Intento3] [e56e63d_inbound] o.e.p.c.mqttv3.internal.ClientComms      : intento3-client-f76d48f5-3653-4d95-914c-a41f2e56e63d_inbound: state=DISCONNECTED
2024-11-17T04:31:33.666-05:00 DEBUG 21868 --- [Intento3] [e56e63d_inbound] o.e.p.c.mqttv3.internal.CommsSender      : intento3-client-f76d48f5-3653-4d95-914c-a41f2e56e63d_inbound: get message returned null, stopping}
2024-11-17T04:31:33.666-05:00 DEBUG 21868 --- [Intento3] [e56e63d_inbound] o.e.p.c.mqttv3.internal.CommsSender      : intento3-client-f76d48f5-3653-4d95-914c-a41f2e56e63d_inbound: <
2024-11-17T04:31:33.666-05:00 DEBUG 21868 --- [Intento3] [e56e63d_inbound] o.e.p.c.mqttv3.internal.CommsCallback    : intento3-client-f76d48f5-3653-4d95-914c-a41f2e56e63d_inbound: callback and notify for key=Con
2024-11-17T04:31:33.666-05:00 DEBUG 21868 --- [Intento3] [e56e63d_inbound] o.e.paho.client.mqttv3.internal.Token    : intento3-client-f76d48f5-3653-4d95-914c-a41f2e56e63d_inbound: >key=Con response=null excep=No autorizado a conectarse (5)
2024-11-17T04:31:33.666-05:00 DEBUG 21868 --- [Intento3] [e56e63d_inbound] o.e.p.c.mqttv3.internal.CommsCallback    : intento3-client-f76d48f5-3653-4d95-914c-a41f2e56e63d_inbound: call onSuccess key=Con
2024-11-17T04:31:33.667-05:00 DEBUG 21868 --- [Intento3] [e56e63d_inbound] o.e.paho.client.mqttv3.internal.Token    : intento3-client-f76d48f5-3653-4d95-914c-a41f2e56e63d_inbound: >key=null response=null excep=No autorizado a conectarse (5)
2024-11-17T04:31:33.667-05:00 DEBUG 21868 --- [Intento3] [e56e63d_inbound] o.e.paho.client.mqttv3.internal.Token    : intento3-client-f76d48f5-3653-4d95-914c-a41f2e56e63d_inbound: >key=null response=null excep=No autorizado a conectarse (5)
2024-11-17T04:31:33.667-05:00 DEBUG 21868 --- [Intento3] [e56e63d_inbound] o.e.p.c.mqttv3.internal.CommsReceiver    : intento3-client-f76d48f5-3653-4d95-914c-a41f2e56e63d_inbound: <
2024-11-17T04:31:33.667-05:00 DEBUG 21868 --- [Intento3] [           main] o.e.paho.client.mqttv3.internal.Token    : intento3-client-f76d48f5-3653-4d95-914c-a41f2e56e63d_inbound: failed with exception

org.eclipse.paho.client.mqttv3.MqttSecurityException: No autorizado a conectarse
	at org.eclipse.paho.client.mqttv3.internal.ExceptionHelper.createMqttException(ExceptionHelper.java:28) ~[org.eclipse.paho.client.mqttv3-1.2.5.jar:na]
	at org.eclipse.paho.client.mqttv3.internal.ClientState.notifyReceivedAck(ClientState.java:1053) ~[org.eclipse.paho.client.mqttv3-1.2.5.jar:na]
	at org.eclipse.paho.client.mqttv3.internal.CommsReceiver.run(CommsReceiver.java:151) ~[org.eclipse.paho.client.mqttv3-1.2.5.jar:na]
	at java.base/java.lang.Thread.run(Thread.java:1583) ~[na:na]

2024-11-17T04:31:33.668-05:00 ERROR 21868 --- [Intento3] [           main] .m.i.MqttPahoMessageDrivenChannelAdapter : Exception while connecting

org.eclipse.paho.client.mqttv3.MqttSecurityException: No autorizado a conectarse
	at org.eclipse.paho.client.mqttv3.internal.ExceptionHelper.createMqttException(ExceptionHelper.java:28) ~[org.eclipse.paho.client.mqttv3-1.2.5.jar:na]
	at org.eclipse.paho.client.mqttv3.internal.ClientState.notifyReceivedAck(ClientState.java:1053) ~[org.eclipse.paho.client.mqttv3-1.2.5.jar:na]
	at org.eclipse.paho.client.mqttv3.internal.CommsReceiver.run(CommsReceiver.java:151) ~[org.eclipse.paho.client.mqttv3-1.2.5.jar:na]
	at java.base/java.lang.Thread.run(Thread.java:1583) ~[na:na]

2024-11-17T04:31:33.670-05:00  INFO 21868 --- [Intento3] [           main] .m.i.MqttPahoMessageDrivenChannelAdapter : started bean 'inbound'; defined in: 'class path resource [org/example/intento3/config/MqttConfig.class]'; from source: 'org.example.intento3.config.MqttConfig.inbound(org.springframework.integration.mqtt.core.MqttPahoClientFactory,java.lang.String)'
2024-11-17T04:31:33.695-05:00 DEBUG 21868 --- [Intento3] [           main] o.s.i.c.IntegrationConfigurationReport   : 
Spring Integration global properties:

spring.integration.channels.autoCreate=true
spring.integration.channels.error.requireSubscribers=true
spring.integration.taskScheduler.poolSize=10
spring.integration.readOnly.headers=
spring.integration.channels.maxUnicastSubscribers=2147483647
spring.integration.endpoints.noAutoStartup=
spring.integration.channels.error.ignoreFailures=true
spring.integration.messagingTemplate.throwExceptionOnLateReply=false
spring.integration.channels.maxBroadcastSubscribers=2147483647
spring.integration.endpoints.defaultTimeout=30000

2024-11-17T04:31:33.696-05:00  INFO 21868 --- [Intento3] [           main] o.e.intento3.Intento3ApplicationTests    : Started Intento3ApplicationTests in 24.177 seconds (process running for 25.839)
]]></system-out>
    <system-err><![CDATA[WARNING: A Java agent has been loaded dynamically (C:\Users\alyne\.m2\repository\net\bytebuddy\byte-buddy-agent\1.14.19\byte-buddy-agent-1.14.19.jar)
WARNING: If a serviceability tool is in use, please run with -XX:+EnableDynamicAgentLoading to hide this warning
WARNING: If a serviceability tool is not in use, please run with -Djdk.instrument.traceUsage for more information
WARNING: Dynamic loading of agents will be disallowed by default in a future release
]]></system-err>
  </testcase>
</testsuite>